#
# There is insufficient memory for the Java Runtime Environment to continue.
# Native memory allocation (mmap) failed to map 50331648 bytes for committing reserved memory.
# Possible reasons:
#   The system is out of physical RAM or swap space
#   In 32 bit mode, the process size limit was hit
# Possible solutions:
#   Reduce memory load on the system
#   Increase physical memory or swap space
#   Check if swap backing store is full
#   Use 64 bit Java on a 64 bit OS
#   Decrease Java heap size (-Xmx/-Xms)
#   Decrease number of Java threads
#   Decrease Java thread stack sizes (-Xss)
#   Set larger code cache with -XX:ReservedCodeCacheSize=
# This output file may be truncated or incomplete.
#
#  Out of Memory Error (os_linux.cpp:2640), pid=14783, tid=0x00007fa3d03f3700
#
# JRE version: OpenJDK Runtime Environment (8.0_152-b01) (build 1.8.0_152-release-1024-b01)
# Java VM: OpenJDK 64-Bit Server VM (25.152-b01 mixed mode linux-amd64 compressed oops)
# Failed to write core dump. Core dumps have been disabled. To enable core dumping, try "ulimit -c unlimited" before starting Java again
#

---------------  T H R E A D  ---------------

Current thread (0x00007fa3e0078000):  VMThread [stack: 0x00007fa3d02f3000,0x00007fa3d03f4000] [id=14791]

Stack: [0x00007fa3d02f3000,0x00007fa3d03f4000],  sp=0x00007fa3d03f24c0,  free space=1021k
Native frames: (J=compiled Java code, j=interpreted, Vv=VM code, C=native code)
V  [libjvm.so+0x9ed02d]  VMError::report_and_die()+0x15d
V  [libjvm.so+0x4b99fa]  report_vm_out_of_memory(char const*, int, unsigned long, VMErrorType, char const*)+0x8a
V  [libjvm.so+0x852c20]  os::pd_commit_memory(char*, unsigned long, unsigned long, bool)+0xf0
V  [libjvm.so+0x84d72f]  os::commit_memory(char*, unsigned long, unsigned long, bool)+0x1f
V  [libjvm.so+0x8c448b]  PSVirtualSpace::expand_by(unsigned long)+0x5b
V  [libjvm.so+0x8c5100]  PSYoungGen::resize_generation(unsigned long, unsigned long)+0xb0
V  [libjvm.so+0x8c541b]  PSYoungGen::resize(unsigned long, unsigned long)+0x1b
V  [libjvm.so+0x8c1b0c]  PSScavenge::invoke_no_policy()+0xdac
V  [libjvm.so+0x8c22e8]  PSScavenge::invoke()+0x38
V  [libjvm.so+0x876633]  ParallelScavengeHeap::failed_mem_allocate(unsigned long)+0x63
V  [libjvm.so+0x9eeb54]  VM_ParallelGCFailedAllocation::doit()+0x84
V  [libjvm.so+0x9f3067]  VM_Operation::evaluate()+0x47
V  [libjvm.so+0x9f1a48]  VMThread::evaluate_operation(VM_Operation*)+0x2c8
V  [libjvm.so+0x9f1ec9]  VMThread::loop()+0x219
V  [libjvm.so+0x9f2312]  VMThread::run()+0x72
V  [libjvm.so+0x850032]  java_start(Thread*)+0xf2

VM_Operation (0x00007fa3c09dd930): ParallelGCFailedAllocation, mode: safepoint, requested by thread 0x00007fa38c003000


---------------  P R O C E S S  ---------------

Java Threads: ( => current thread )
  0x00007fa378da4000 JavaThread "RMI RenewClean-[localhost:42349,org.jetbrains.kotlin.daemon.common.LoopbackNetworkInterface$ClientLoopbackSocketFactory@280db23c]" daemon [_thread_blocked, id=15660, stack(0x00007fa371975000,0x00007fa371a76000)]
  0x00007fa38c003000 JavaThread "RMI TCP Connection(8)-127.0.0.1" daemon [_thread_blocked, id=15659, stack(0x00007fa3c08e2000,0x00007fa3c09e3000)]
  0x00007fa38c001800 JavaThread "RMI TCP Connection(7)-127.0.0.1" daemon [_thread_in_native, id=15657, stack(0x00007fa3c04e0000,0x00007fa3c05e1000)]
  0x00007fa380014800 JavaThread "RMI RenewClean-[localhost:42349,org.jetbrains.kotlin.daemon.common.LoopbackNetworkInterface$ClientLoopbackSocketFactory@17dc8dda]" daemon [_thread_blocked, id=15313, stack(0x00007fa3736ff000,0x00007fa373800000)]
  0x00007fa37800a800 JavaThread "RMI RenewClean-[localhost:42349,org.jetbrains.kotlin.daemon.common.LoopbackNetworkInterface$ClientLoopbackSocketFactory@40715e40]" daemon [_thread_blocked, id=14821, stack(0x00007fa3c0be5000,0x00007fa3c0ce6000)]
  0x00007fa380012800 JavaThread "RMI Scheduler(0)" daemon [_thread_blocked, id=14814, stack(0x00007fa3c05e1000,0x00007fa3c06e2000)]
  0x00007fa3e000b000 JavaThread "DestroyJavaVM" [_thread_blocked, id=14784, stack(0x00007fa3e8bc5000,0x00007fa3e8cc6000)]
  0x00007fa3e0358800 JavaThread "GC Daemon" daemon [_thread_blocked, id=14811, stack(0x00007fa3c09e3000,0x00007fa3c0ae4000)]
  0x00007fa3e0361800 JavaThread "RMI Reaper" [_thread_blocked, id=14810, stack(0x00007fa3c0ae4000,0x00007fa3c0be5000)]
  0x00007fa3e034a800 JavaThread "Timer-0" daemon [_thread_blocked, id=14808, stack(0x00007fa3c0ce6000,0x00007fa3c0de7000)]
  0x00007fa3e0348800 JavaThread "RMI TCP Accept-17086" daemon [_thread_in_native, id=14807, stack(0x00007fa3c8023000,0x00007fa3c8124000)]
  0x00007fa3e00c8800 JavaThread "Service Thread" daemon [_thread_blocked, id=14798, stack(0x00007fa3c8823000,0x00007fa3c8924000)]
  0x00007fa3e00bd800 JavaThread "C1 CompilerThread2" daemon [_thread_blocked, id=14797, stack(0x00007fa3c8924000,0x00007fa3c8a25000)]
  0x00007fa3e00bb800 JavaThread "C2 CompilerThread1" daemon [_thread_blocked, id=14796, stack(0x00007fa3c8a25000,0x00007fa3c8b26000)]
  0x00007fa3e00b8800 JavaThread "C2 CompilerThread0" daemon [_thread_blocked, id=14795, stack(0x00007fa3c8b26000,0x00007fa3c8c27000)]
  0x00007fa3e00b7000 JavaThread "Signal Dispatcher" daemon [_thread_blocked, id=14794, stack(0x00007fa3c8c27000,0x00007fa3c8d28000)]
  0x00007fa3e0084800 JavaThread "Finalizer" daemon [_thread_blocked, id=14793, stack(0x00007fa3d00f1000,0x00007fa3d01f2000)]
  0x00007fa3e0080000 JavaThread "Reference Handler" daemon [_thread_blocked, id=14792, stack(0x00007fa3d01f2000,0x00007fa3d02f3000)]

Other Threads:
=>0x00007fa3e0078000 VMThread [stack: 0x00007fa3d02f3000,0x00007fa3d03f4000] [id=14791]
  0x00007fa3e00cb000 WatcherThread [stack: 0x00007fa3c8722000,0x00007fa3c8823000] [id=14799]

VM state:at safepoint (normal execution)

VM Mutex/Monitor currently owned by a thread:  ([mutex/lock_event])
[0x00007fa3e0007130] Threads_lock - owner thread: 0x00007fa3e0078000
[0x00007fa3e0007630] Heap_lock - owner thread: 0x00007fa38c003000

Heap:
 PSYoungGen      total 193024K, used 48111K [0x00000000e0000000, 0x00000000ef000000, 0x0000000100000000)
  eden space 144896K, 0% used [0x00000000e0000000,0x00000000e0000000,0x00000000e8d80000)
  from space 48128K, 99% used [0x00000000e8d80000,0x00000000ebc7bcf0,0x00000000ebc80000)
  to   space 38400K, 0% used [0x00000000ebc80000,0x00000000ebc80000,0x00000000ee200000)
 ParOldGen       total 217088K, used 204748K [0x00000000a0000000, 0x00000000ad400000, 0x00000000e0000000)
  object space 217088K, 94% used [0x00000000a0000000,0x00000000ac7f3248,0x00000000ad400000)
 Metaspace       used 59037K, capacity 60178K, committed 60416K, reserved 1101824K
  class space    used 6846K, capacity 7135K, committed 7168K, reserved 1048576K

Card table byte_map: [0x00007fa3e5748000,0x00007fa3e5a49000] byte_map_base: 0x00007fa3e5248000

Marking Bits: (ParMarkBitMap*) 0x00007fa3e8091440
 Begin Bits: [0x00007fa3c9000000, 0x00007fa3ca800000)
 End Bits:   [0x00007fa3ca800000, 0x00007fa3cc000000)

Polling page: 0x00007fa3e8ce5000

CodeCache: size=245760Kb used=37497Kb max_used=37497Kb free=208262Kb
 bounds [0x00007fa3d1000000, 0x00007fa3d34d0000, 0x00007fa3e0000000]
 total_blobs=10924 nmethods=10408 adapters=427
 compilation: enabled

Compilation events (10 events):
Event: 652.992 Thread 0x00007fa3e00bd800 nmethod 12298 0x00007fa3d34c8150 code [0x00007fa3d34c82a0, 0x00007fa3d34c8410]
Event: 652.994 Thread 0x00007fa3e00bd800 12299       2       org.jetbrains.org.objectweb.asm.ByteVector::enlarge (51 bytes)
Event: 652.994 Thread 0x00007fa3e00bd800 nmethod 12299 0x00007fa3d34c84d0 code [0x00007fa3d34c8640, 0x00007fa3d34c88e8]
Event: 652.995 Thread 0x00007fa3e00bd800 12300       1       org.jetbrains.kotlin.descriptors.impl.ClassDescriptorImpl::isInner (2 bytes)
Event: 652.995 Thread 0x00007fa3e00bd800 nmethod 12300 0x00007fa3d34c89d0 code [0x00007fa3d34c8b20, 0x00007fa3d34c8c30]
Event: 652.996 Thread 0x00007fa3e00bd800 12301       2       org.jetbrains.kotlin.codegen.context.CodegenContext::isAccessorRequired (69 bytes)
Event: 652.997 Thread 0x00007fa3e00bd800 nmethod 12301 0x00007fa3d34c8c90 code [0x00007fa3d34c8e20, 0x00007fa3d34c90c8]
Event: 652.997 Thread 0x00007fa3e00bd800 12302       2       org.jetbrains.kotlin.psi.KtSafeQualifiedExpression::getReceiverExpression (5 bytes)
Event: 652.997 Thread 0x00007fa3e00bd800 nmethod 12302 0x00007fa3d34c9250 code [0x00007fa3d34c93c0, 0x00007fa3d34c9528]
Event: 653.003 Thread 0x00007fa3e00bd800 12303       2       org.jetbrains.org.objectweb.asm.MethodWriter::visitJumpInsn (390 bytes)

GC Heap History (10 events):
Event: 32.902 GC heap after
Heap after GC invocations=16 (full 4):
 PSYoungGen      total 133632K, used 16624K [0x00000000e0000000, 0x00000000e9980000, 0x0000000100000000)
  eden space 113152K, 0% used [0x00000000e0000000,0x00000000e0000000,0x00000000e6e80000)
  from space 20480K, 81% used [0x00000000e8400000,0x00000000e943c0d0,0x00000000e9800000)
  to   space 22016K, 0% used [0x00000000e6e80000,0x00000000e6e80000,0x00000000e8400000)
 ParOldGen       total 217088K, used 172439K [0x00000000a0000000, 0x00000000ad400000, 0x00000000e0000000)
  object space 217088K, 79% used [0x00000000a0000000,0x00000000aa865c98,0x00000000ad400000)
 Metaspace       used 55272K, capacity 56254K, committed 56704K, reserved 1099776K
  class space    used 6681K, capacity 6931K, committed 7040K, reserved 1048576K
}
Event: 332.717 GC heap before
{Heap before GC invocations=17 (full 4):
 PSYoungGen      total 133632K, used 129776K [0x00000000e0000000, 0x00000000e9980000, 0x0000000100000000)
  eden space 113152K, 100% used [0x00000000e0000000,0x00000000e6e80000,0x00000000e6e80000)
  from space 20480K, 81% used [0x00000000e8400000,0x00000000e943c0d0,0x00000000e9800000)
  to   space 22016K, 0% used [0x00000000e6e80000,0x00000000e6e80000,0x00000000e8400000)
 ParOldGen       total 217088K, used 172439K [0x00000000a0000000, 0x00000000ad400000, 0x00000000e0000000)
  object space 217088K, 79% used [0x00000000a0000000,0x00000000aa865c98,0x00000000ad400000)
 Metaspace       used 56357K, capacity 57392K, committed 57728K, reserved 1099776K
  class space    used 6745K, capacity 7016K, committed 7040K, reserved 1048576K
Event: 332.737 GC heap after
Heap after GC invocations=17 (full 4):
 PSYoungGen      total 135168K, used 18274K [0x00000000e0000000, 0x00000000eb100000, 0x0000000100000000)
  eden space 113152K, 0% used [0x00000000e0000000,0x00000000e0000000,0x00000000e6e80000)
  from space 22016K, 83% used [0x00000000e6e80000,0x00000000e8058a20,0x00000000e8400000)
  to   space 24064K, 0% used [0x00000000e9980000,0x00000000e9980000,0x00000000eb100000)
 ParOldGen       total 217088K, used 172467K [0x00000000a0000000, 0x00000000ad400000, 0x00000000e0000000)
  object space 217088K, 79% used [0x00000000a0000000,0x00000000aa86cc88,0x00000000ad400000)
 Metaspace       used 56357K, capacity 57392K, committed 57728K, reserved 1099776K
  class space    used 6745K, capacity 7016K, committed 7040K, reserved 1048576K
}
Event: 333.906 GC heap before
{Heap before GC invocations=18 (full 4):
 PSYoungGen      total 135168K, used 131426K [0x00000000e0000000, 0x00000000eb100000, 0x0000000100000000)
  eden space 113152K, 100% used [0x00000000e0000000,0x00000000e6e80000,0x00000000e6e80000)
  from space 22016K, 83% used [0x00000000e6e80000,0x00000000e8058a20,0x00000000e8400000)
  to   space 24064K, 0% used [0x00000000e9980000,0x00000000e9980000,0x00000000eb100000)
 ParOldGen       total 217088K, used 172467K [0x00000000a0000000, 0x00000000ad400000, 0x00000000e0000000)
  object space 217088K, 79% used [0x00000000a0000000,0x00000000aa86cc88,0x00000000ad400000)
 Metaspace       used 56917K, capacity 57994K, committed 58240K, reserved 1099776K
  class space    used 6772K, capacity 7019K, committed 7040K, reserved 1048576K
Event: 333.968 GC heap after
Heap after GC invocations=18 (full 4):
 PSYoungGen      total 148992K, used 24037K [0x00000000e0000000, 0x00000000ec780000, 0x0000000100000000)
  eden space 124928K, 0% used [0x00000000e0000000,0x00000000e0000000,0x00000000e7a00000)
  from space 24064K, 99% used [0x00000000e9980000,0x00000000eb0f95a0,0x00000000eb100000)
  to   space 32256K, 0% used [0x00000000e7a00000,0x00000000e7a00000,0x00000000e9980000)
 ParOldGen       total 217088K, used 185308K [0x00000000a0000000, 0x00000000ad400000, 0x00000000e0000000)
  object space 217088K, 85% used [0x00000000a0000000,0x00000000ab4f7088,0x00000000ad400000)
 Metaspace       used 56917K, capacity 57994K, committed 58240K, reserved 1099776K
  class space    used 6772K, capacity 7019K, committed 7040K, reserved 1048576K
}
Event: 335.964 GC heap before
{Heap before GC invocations=19 (full 4):
 PSYoungGen      total 148992K, used 148965K [0x00000000e0000000, 0x00000000ec780000, 0x0000000100000000)
  eden space 124928K, 100% used [0x00000000e0000000,0x00000000e7a00000,0x00000000e7a00000)
  from space 24064K, 99% used [0x00000000e9980000,0x00000000eb0f95a0,0x00000000eb100000)
  to   space 32256K, 0% used [0x00000000e7a00000,0x00000000e7a00000,0x00000000e9980000)
 ParOldGen       total 217088K, used 185308K [0x00000000a0000000, 0x00000000ad400000, 0x00000000e0000000)
  object space 217088K, 85% used [0x00000000a0000000,0x00000000ab4f7088,0x00000000ad400000)
 Metaspace       used 57937K, capacity 59024K, committed 59392K, reserved 1101824K
  class space    used 6794K, capacity 7056K, committed 7168K, reserved 1048576K
Event: 336.016 GC heap after
Heap after GC invocations=19 (full 4):
 PSYoungGen      total 157184K, used 32246K [0x00000000e0000000, 0x00000000ee200000, 0x0000000100000000)
  eden space 124928K, 0% used [0x00000000e0000000,0x00000000e0000000,0x00000000e7a00000)
  from space 32256K, 99% used [0x00000000e7a00000,0x00000000e997d948,0x00000000e9980000)
  to   space 38400K, 0% used [0x00000000ebc80000,0x00000000ebc80000,0x00000000ee200000)
 ParOldGen       total 217088K, used 188631K [0x00000000a0000000, 0x00000000ad400000, 0x00000000e0000000)
  object space 217088K, 86% used [0x00000000a0000000,0x00000000ab835f18,0x00000000ad400000)
 Metaspace       used 57937K, capacity 59024K, committed 59392K, reserved 1101824K
  class space    used 6794K, capacity 7056K, committed 7168K, reserved 1048576K
}
Event: 651.418 GC heap before
{Heap before GC invocations=20 (full 4):
 PSYoungGen      total 157184K, used 157174K [0x00000000e0000000, 0x00000000ee200000, 0x0000000100000000)
  eden space 124928K, 100% used [0x00000000e0000000,0x00000000e7a00000,0x00000000e7a00000)
  from space 32256K, 99% used [0x00000000e7a00000,0x00000000e997d948,0x00000000e9980000)
  to   space 38400K, 0% used [0x00000000ebc80000,0x00000000ebc80000,0x00000000ee200000)
 ParOldGen       total 217088K, used 188631K [0x00000000a0000000, 0x00000000ad400000, 0x00000000e0000000)
  object space 217088K, 86% used [0x00000000a0000000,0x00000000ab835f18,0x00000000ad400000)
 Metaspace       used 58532K, capacity 59680K, committed 59904K, reserved 1101824K
  class space    used 6826K, capacity 7100K, committed 7168K, reserved 1048576K
Event: 651.485 GC heap after
Heap after GC invocations=20 (full 4):
 PSYoungGen      total 183296K, used 38390K [0x00000000e0000000, 0x00000000ef000000, 0x0000000100000000)
  eden space 144896K, 0% used [0x00000000e0000000,0x00000000e0000000,0x00000000e8d80000)
  from space 38400K, 99% used [0x00000000ebc80000,0x00000000ee1fd9f8,0x00000000ee200000)
  to   space 48128K, 0% used [0x00000000e8d80000,0x00000000e8d80000,0x00000000ebc80000)
 ParOldGen       total 217088K, used 197717K [0x00000000a0000000, 0x00000000ad400000, 0x00000000e0000000)
  object space 217088K, 91% used [0x00000000a0000000,0x00000000ac115458,0x00000000ad400000)
 Metaspace       used 58532K, capacity 59680K, committed 59904K, reserved 1101824K
  class space    used 6826K, capacity 7100K, committed 7168K, reserved 1048576K
}
Event: 653.007 GC heap before
{Heap before GC invocations=21 (full 4):
 PSYoungGen      total 183296K, used 183286K [0x00000000e0000000, 0x00000000ef000000, 0x0000000100000000)
  eden space 144896K, 100% used [0x00000000e0000000,0x00000000e8d80000,0x00000000e8d80000)
  from space 38400K, 99% used [0x00000000ebc80000,0x00000000ee1fd9f8,0x00000000ee200000)
  to   space 48128K, 0% used [0x00000000e8d80000,0x00000000e8d80000,0x00000000ebc80000)
 ParOldGen       total 217088K, used 197717K [0x00000000a0000000, 0x00000000ad400000, 0x00000000e0000000)
  object space 217088K, 91% used [0x00000000a0000000,0x00000000ac115458,0x00000000ad400000)
 Metaspace       used 59037K, capacity 60178K, committed 60416K, reserved 1101824K
  class space    used 6846K, capacity 7135K, committed 7168K, reserved 1048576K

Deoptimization events (10 events):
Event: 651.818 Thread 0x00007fa38c003000 Uncommon trap: reason=class_check action=maybe_recompile pc=0x00007fa3d30a5474 method=org.jetbrains.kotlin.resolve.calls.tower.ScopeBasedTowerLevel.getObjects(Lorg/jetbrains/kotlin/name/Name;Lorg/jetbrains/kotlin/resolve/scopes/receivers/ReceiverValueWith
Event: 652.014 Thread 0x00007fa38c003000 Uncommon trap: reason=class_check action=maybe_recompile pc=0x00007fa3d2fd2728 method=org.jetbrains.kotlin.types.checker.StrictEqualityTypeChecker.strictEqualTypes(Lorg/jetbrains/kotlin/types/SimpleType;Lorg/jetbrains/kotlin/types/SimpleType;)Z @ 81
Event: 652.015 Thread 0x00007fa38c003000 Uncommon trap: reason=class_check action=maybe_recompile pc=0x00007fa3d2fd2728 method=org.jetbrains.kotlin.types.checker.StrictEqualityTypeChecker.strictEqualTypes(Lorg/jetbrains/kotlin/types/SimpleType;Lorg/jetbrains/kotlin/types/SimpleType;)Z @ 81
Event: 652.024 Thread 0x00007fa38c003000 Uncommon trap: reason=class_check action=maybe_recompile pc=0x00007fa3d2fd2728 method=org.jetbrains.kotlin.types.checker.StrictEqualityTypeChecker.strictEqualTypes(Lorg/jetbrains/kotlin/types/SimpleType;Lorg/jetbrains/kotlin/types/SimpleType;)Z @ 81
Event: 652.077 Thread 0x00007fa38c003000 Uncommon trap: reason=class_check action=maybe_recompile pc=0x00007fa3d32b52a8 method=org.jetbrains.kotlin.load.java.lazy.descriptors.LazyJavaClassMemberScope.getPropertiesFromSupertypes(Lorg/jetbrains/kotlin/name/Name;)Ljava/util/Set; @ 83
Event: 652.082 Thread 0x00007fa38c003000 Uncommon trap: reason=class_check action=maybe_recompile pc=0x00007fa3d32b52a8 method=org.jetbrains.kotlin.load.java.lazy.descriptors.LazyJavaClassMemberScope.getPropertiesFromSupertypes(Lorg/jetbrains/kotlin/name/Name;)Ljava/util/Set; @ 83
Event: 652.082 Thread 0x00007fa38c003000 Uncommon trap: reason=class_check action=maybe_recompile pc=0x00007fa3d32b52a8 method=org.jetbrains.kotlin.load.java.lazy.descriptors.LazyJavaClassMemberScope.getPropertiesFromSupertypes(Lorg/jetbrains/kotlin/name/Name;)Ljava/util/Set; @ 83
Event: 652.187 Thread 0x00007fa38c003000 Uncommon trap: reason=class_check action=maybe_recompile pc=0x00007fa3d2fd2728 method=org.jetbrains.kotlin.types.checker.StrictEqualityTypeChecker.strictEqualTypes(Lorg/jetbrains/kotlin/types/SimpleType;Lorg/jetbrains/kotlin/types/SimpleType;)Z @ 81
Event: 652.441 Thread 0x00007fa38c003000 Uncommon trap: reason=class_check action=maybe_recompile pc=0x00007fa3d32b52a8 method=org.jetbrains.kotlin.load.java.lazy.descriptors.LazyJavaClassMemberScope.getPropertiesFromSupertypes(Lorg/jetbrains/kotlin/name/Name;)Ljava/util/Set; @ 83
Event: 652.816 Thread 0x00007fa38c003000 Uncommon trap: reason=unstable_if action=reinterpret pc=0x00007fa3d33f23e0 method=org.jetbrains.kotlin.com.intellij.psi.impl.PsiElementBase.findChildByClass(Ljava/lang/Class;)Ljava/lang/Object; @ 6

Classes redefined (0 events):
No events

Internal exceptions (10 events):
Event: 32.735 Thread 0x00007fa38c003000 Implicit null exception at 0x00007fa3d139011b to 0x00007fa3d1390795
Event: 33.252 Thread 0x00007fa38c003000 Implicit null exception at 0x00007fa3d147e6b7 to 0x00007fa3d147ece9
Event: 33.489 Thread 0x00007fa38c003000 Implicit null exception at 0x00007fa3d262def8 to 0x00007fa3d262df95
Event: 34.280 Thread 0x00007fa38c003000 Exception <a 'java/lang/NoSuchMethodError': <clinit>> (0x00000000e21c2628) thrown at [/usr/local/google/home/ralucas/source/AOSP-openjdk-git/jdk8u/hotspot/src/share/vm/prims/jni.cpp, line 1613]
Event: 332.382 Thread 0x00007fa38c003000 Exception <a 'sun/nio/fs/UnixException'> (0x00000000e58a3f68) thrown at [/usr/local/google/home/ralucas/source/AOSP-openjdk-git/jdk8u/hotspot/src/share/vm/prims/jni.cpp, line 709]
Event: 332.382 Thread 0x00007fa38c003000 Exception <a 'java/lang/reflect/InvocationTargetException'> (0x00000000e58a4910) thrown at [/usr/local/google/home/ralucas/source/AOSP-openjdk-git/jdk8u/hotspot/src/share/vm/runtime/reflection.cpp, line 1092]
Event: 332.685 Thread 0x00007fa38c003000 Implicit null exception at 0x00007fa3d16a5bbf to 0x00007fa3d16a6cc5
Event: 332.709 Thread 0x00007fa38c003000 Implicit null exception at 0x00007fa3d165eb3d to 0x00007fa3d165ed1d
Event: 651.030 Thread 0x00007fa378da4000 Exception <a 'java/lang/InterruptedException'> (0x00000000e385fd38) thrown at [/usr/local/google/home/ralucas/source/AOSP-openjdk-git/jdk8u/hotspot/src/share/vm/runtime/objectMonitor.cpp, line 1684]
Event: 651.064 Thread 0x00007fa38c003000 Exception <a 'sun/nio/fs/UnixException'> (0x00000000e39367a0) thrown at [/usr/local/google/home/ralucas/source/AOSP-openjdk-git/jdk8u/hotspot/src/share/vm/prims/jni.cpp, line 709]

Events (10 events):
Event: 652.897 loading class org/jetbrains/org/objectweb/asm/Type done
Event: 652.897 loading class org/jetbrains/org/objectweb/asm/commons/InstructionAdapter
Event: 652.897 loading class org/jetbrains/org/objectweb/asm/commons/InstructionAdapter done
Event: 652.902 Thread 0x00007fa38c003000 DEOPT PACKING pc=0x00007fa3d2919f5c sp=0x00007fa3c09dd980
Event: 652.902 Thread 0x00007fa38c003000 DEOPT UNPACKING pc=0x00007fa3d10474c4 sp=0x00007fa3c09dd8f8 mode 0
Event: 652.905 loading class org/jetbrains/kotlin/codegen/ImplementationBodyCodegen
Event: 652.905 loading class org/jetbrains/kotlin/codegen/ImplementationBodyCodegen done
Event: 653.003 Thread 0x00007fa38c003000 DEOPT PACKING pc=0x00007fa3d2919f5c sp=0x00007fa3c09ddc30
Event: 653.003 Thread 0x00007fa38c003000 DEOPT UNPACKING pc=0x00007fa3d10474c4 sp=0x00007fa3c09ddba8 mode 0
Event: 653.007 Executing VM operation: ParallelGCFailedAllocation


Dynamic libraries:
00400000-00401000 r-xp 00000000 08:03 1570382                            /opt/android-studio/jre/jre/bin/java
00600000-00601000 r--p 00000000 08:03 1570382                            /opt/android-studio/jre/jre/bin/java
00601000-00602000 rw-p 00001000 08:03 1570382                            /opt/android-studio/jre/jre/bin/java
01ea5000-01ec6000 rw-p 00000000 00:00 0                                  [heap]
a0000000-ad400000 rw-p 00000000 00:00 0 
ad400000-e0000000 ---p 00000000 00:00 0 
e0000000-ef000000 rw-p 00000000 00:00 0 
f2000000-100000000 ---p 00000000 00:00 0 
100000000-100700000 rw-p 00000000 00:00 0 
100700000-140000000 ---p 00000000 00:00 0 
7fa364000000-7fa364021000 rw-p 00000000 00:00 0 
7fa364021000-7fa368000000 ---p 00000000 00:00 0 
7fa36c000000-7fa36c021000 rw-p 00000000 00:00 0 
7fa36c021000-7fa370000000 ---p 00000000 00:00 0 
7fa37165e000-7fa37176a000 r--s 01b1a000 08:04 4298304                    /home/richmond/Android/Sdk/platforms/android-27/android.jar
7fa37176a000-7fa37196a000 rw-p 00000000 00:00 0 
7fa371975000-7fa371978000 ---p 00000000 00:00 0 
7fa371978000-7fa371c76000 rw-p 00000000 00:00 0 
7fa371c76000-7fa371e76000 rw-p 00000000 00:00 0 
7fa371e76000-7fa372076000 rw-p 00000000 00:00 0 
7fa372076000-7fa372276000 rw-p 00000000 00:00 0 
7fa372276000-7fa372476000 rw-p 00000000 00:00 0 
7fa372476000-7fa372676000 rw-p 00000000 00:00 0 
7fa372676000-7fa372876000 rw-p 00000000 00:00 0 
7fa372876000-7fa372a76000 rw-p 00000000 00:00 0 
7fa372a76000-7fa372c76000 rw-p 00000000 00:00 0 
7fa372c76000-7fa372e76000 rw-p 00000000 00:00 0 
7fa372e76000-7fa373076000 rw-p 00000000 00:00 0 
7fa373076000-7fa373276000 rw-p 00000000 00:00 0 
7fa373276000-7fa373476000 rw-p 00000000 00:00 0 
7fa3734f4000-7fa3736f4000 rw-p 00000000 00:00 0 
7fa3736ff000-7fa373702000 ---p 00000000 00:00 0 
7fa373702000-7fa373a00000 rw-p 00000000 00:00 0 
7fa373a00000-7fa373c00000 rw-p 00000000 00:00 0 
7fa373c00000-7fa373e00000 rw-p 00000000 00:00 0 
7fa373e00000-7fa374000000 rw-p 00000000 00:00 0 
7fa374000000-7fa374021000 rw-p 00000000 00:00 0 
7fa374021000-7fa378000000 ---p 00000000 00:00 0 
7fa378000000-7fa3791d4000 rw-p 00000000 00:00 0 
7fa3791d4000-7fa37c000000 ---p 00000000 00:00 0 
7fa37c000000-7fa37c021000 rw-p 00000000 00:00 0 
7fa37c021000-7fa380000000 ---p 00000000 00:00 0 
7fa380000000-7fa380292000 rw-p 00000000 00:00 0 
7fa380292000-7fa384000000 ---p 00000000 00:00 0 
7fa384000000-7fa384021000 rw-p 00000000 00:00 0 
7fa384021000-7fa388000000 ---p 00000000 00:00 0 
7fa388000000-7fa388021000 rw-p 00000000 00:00 0 
7fa388021000-7fa38c000000 ---p 00000000 00:00 0 
7fa38c000000-7fa38c021000 rw-p 00000000 00:00 0 
7fa38c021000-7fa390000000 ---p 00000000 00:00 0 
7fa390000000-7fa390284000 rw-p 00000000 00:00 0 
7fa390284000-7fa394000000 ---p 00000000 00:00 0 
7fa394000000-7fa394021000 rw-p 00000000 00:00 0 
7fa394021000-7fa398000000 ---p 00000000 00:00 0 
7fa398000000-7fa398021000 rw-p 00000000 00:00 0 
7fa398021000-7fa39c000000 ---p 00000000 00:00 0 
7fa39c000000-7fa39d87f000 rw-p 00000000 00:00 0 
7fa39d87f000-7fa3a0000000 ---p 00000000 00:00 0 
7fa3a0000000-7fa3a0ffe000 rw-p 00000000 00:00 0 
7fa3a0ffe000-7fa3a4000000 ---p 00000000 00:00 0 
7fa3a4000000-7fa3a4021000 rw-p 00000000 00:00 0 
7fa3a4021000-7fa3a8000000 ---p 00000000 00:00 0 
7fa3a8000000-7fa3a99dd000 rw-p 00000000 00:00 0 
7fa3a99dd000-7fa3ac000000 ---p 00000000 00:00 0 
7fa3ac000000-7fa3ac021000 rw-p 00000000 00:00 0 
7fa3ac021000-7fa3b0000000 ---p 00000000 00:00 0 
7fa3b0000000-7fa3b0021000 rw-p 00000000 00:00 0 
7fa3b0021000-7fa3b4000000 ---p 00000000 00:00 0 
7fa3b4000000-7fa3b4024000 rw-p 00000000 00:00 0 
7fa3b4024000-7fa3b8000000 ---p 00000000 00:00 0 
7fa3b8000000-7fa3b8283000 rw-p 00000000 00:00 0 
7fa3b8283000-7fa3bc000000 ---p 00000000 00:00 0 
7fa3bc000000-7fa3bc031000 rw-p 00000000 00:00 0 
7fa3bc031000-7fa3c0000000 ---p 00000000 00:00 0 
7fa3c00e0000-7fa3c02e0000 rw-p 00000000 00:00 0 
7fa3c02e0000-7fa3c04e0000 rw-p 00000000 00:00 0 
7fa3c04e0000-7fa3c04e3000 ---p 00000000 00:00 0 
7fa3c04e3000-7fa3c05e1000 rw-p 00000000 00:00 0 
7fa3c05e1000-7fa3c05e4000 ---p 00000000 00:00 0 
7fa3c05e4000-7fa3c08e2000 rw-p 00000000 00:00 0 
7fa3c08e2000-7fa3c08e5000 ---p 00000000 00:00 0 
7fa3c08e5000-7fa3c09e3000 rw-p 00000000 00:00 0 
7fa3c09e3000-7fa3c09e6000 ---p 00000000 00:00 0 
7fa3c09e6000-7fa3c0ae4000 rw-p 00000000 00:00 0 
7fa3c0ae4000-7fa3c0ae7000 ---p 00000000 00:00 0 
7fa3c0ae7000-7fa3c0be5000 rw-p 00000000 00:00 0 
7fa3c0be5000-7fa3c0be8000 ---p 00000000 00:00 0 
7fa3c0be8000-7fa3c0ce6000 rw-p 00000000 00:00 0 
7fa3c0ce6000-7fa3c0ce9000 ---p 00000000 00:00 0 
7fa3c0ce9000-7fa3c3de8000 rw-p 00000000 00:00 0 
7fa3c3de8000-7fa3c3dfe000 r-xp 00000000 08:03 1570304                    /opt/android-studio/jre/jre/lib/amd64/libnet.so
7fa3c3dfe000-7fa3c3ffe000 ---p 00016000 08:03 1570304                    /opt/android-studio/jre/jre/lib/amd64/libnet.so
7fa3c3ffe000-7fa3c3fff000 r--p 00016000 08:03 1570304                    /opt/android-studio/jre/jre/lib/amd64/libnet.so
7fa3c3fff000-7fa3c4000000 rw-p 00017000 08:03 1570304                    /opt/android-studio/jre/jre/lib/amd64/libnet.so
7fa3c4000000-7fa3c4021000 rw-p 00000000 00:00 0 
7fa3c4021000-7fa3c8000000 ---p 00000000 00:00 0 
7fa3c8005000-7fa3c800b000 r--s 00043000 08:04 5645649                    /home/richmond/.gradle/caches/transforms-1/files-1.1/design-27.1.1.aar/4b049a0d804486721d09eca1634e6167/jars/classes.jar
7fa3c800b000-7fa3c8017000 r--s 000d5000 08:04 5645319                    /home/richmond/.gradle/caches/transforms-1/files-1.1/play-services-ads-lite-15.0.1.aar/f99df878c8ea1e7ba9ce51d0de303f4a/jars/classes.jar
7fa3c8017000-7fa3c8023000 r--s 00080000 08:04 5645572                    /home/richmond/.gradle/caches/transforms-1/files-1.1/support-compat-27.1.1.aar/c33f3ebfcf85f3c6db1c14af4a3a1804/jars/classes.jar
7fa3c8023000-7fa3c8026000 ---p 00000000 00:00 0 
7fa3c8026000-7fa3c8124000 rw-p 00000000 00:00 0 
7fa3c8124000-7fa3c8135000 r-xp 00000000 08:03 1570325                    /opt/android-studio/jre/jre/lib/amd64/libnio.so
7fa3c8135000-7fa3c8334000 ---p 00011000 08:03 1570325                    /opt/android-studio/jre/jre/lib/amd64/libnio.so
7fa3c8334000-7fa3c8335000 r--p 00010000 08:03 1570325                    /opt/android-studio/jre/jre/lib/amd64/libnio.so
7fa3c8335000-7fa3c8336000 rw-p 00011000 08:03 1570325                    /opt/android-studio/jre/jre/lib/amd64/libnio.so
7fa3c8336000-7fa3c833f000 r-xp 00000000 08:03 1570301                    /opt/android-studio/jre/jre/lib/amd64/libmanagement.so
7fa3c833f000-7fa3c853e000 ---p 00009000 08:03 1570301                    /opt/android-studio/jre/jre/lib/amd64/libmanagement.so
7fa3c853e000-7fa3c853f000 r--p 00008000 08:03 1570301                    /opt/android-studio/jre/jre/lib/amd64/libmanagement.so
7fa3c853f000-7fa3c8540000 rw-p 00009000 08:03 1570301                    /opt/android-studio/jre/jre/lib/amd64/libmanagement.so
7fa3c8540000-7fa3c8722000 r--s 01a45000 08:04 1051629                    /home/richmond/.gradle/caches/modules-2/files-2.1/org.jetbrains.kotlin/kotlin-compiler-embeddable/1.1.51/e87f62328a705dc5c5b857f1aa50d1732c8bc3d6/kotlin-compiler-embeddable-1.1.51.jar
7fa3c8722000-7fa3c8723000 ---p 00000000 00:00 0 
7fa3c8723000-7fa3c8823000 rw-p 00000000 00:00 0 
7fa3c8823000-7fa3c8826000 ---p 00000000 00:00 0 
7fa3c8826000-7fa3c8924000 rw-p 00000000 00:00 0 
7fa3c8924000-7fa3c8927000 ---p 00000000 00:00 0 
7fa3c8927000-7fa3c8a25000 rw-p 00000000 00:00 0 
7fa3c8a25000-7fa3c8a28000 ---p 00000000 00:00 0 
7fa3c8a28000-7fa3c8b26000 rw-p 00000000 00:00 0 
7fa3c8b26000-7fa3c8b29000 ---p 00000000 00:00 0 
7fa3c8b29000-7fa3c8c27000 rw-p 00000000 00:00 0 
7fa3c8c27000-7fa3c8c2a000 ---p 00000000 00:00 0 
7fa3c8c2a000-7fa3c8d28000 rw-p 00000000 00:00 0 
7fa3c8d28000-7fa3c9000000 r--p 00000000 08:03 1703813                    /usr/lib/locale/locale-archive
7fa3c9000000-7fa3cc000000 rw-p 00000000 00:00 0 
7fa3cc000000-7fa3cc02c000 rw-p 00000000 00:00 0 
7fa3cc02c000-7fa3d0000000 ---p 00000000 00:00 0 
7fa3d0002000-7fa3d000b000 r--s 0009d000 08:04 5644234                    /home/richmond/.gradle/caches/transforms-1/files-1.1/play-services-basement-15.0.1.aar/83a9e50cfa11cd6be546159cae0a76b6/jars/classes.jar
7fa3d000b000-7fa3d0016000 r--s 000a0000 08:04 5646122                    /home/richmond/.gradle/caches/transforms-1/files-1.1/appcompat-v7-27.1.1.aar/11b3655979f276b97d59c402decf1f3e/jars/classes.jar
7fa3d0016000-7fa3d0025000 r--s 000d7000 08:04 9054920                    /home/richmond/.gradle/caches/modules-2/files-2.1/org.jetbrains.kotlin/kotlin-stdlib/1.2.41/7e34f009642702250bccd9e5255866f408962a05/kotlin-stdlib-1.2.41.jar
7fa3d0025000-7fa3d0028000 r--s 00026000 08:04 5645107                    /home/richmond/.gradle/caches/transforms-1/files-1.1/play-services-measurement-base-15.0.2.aar/de4269d5e139e0e3eeef47c799d80ebc/jars/classes.jar
7fa3d0028000-7fa3d002d000 r--s 00060000 08:04 5645576                    /home/richmond/.gradle/caches/transforms-1/files-1.1/play-services-ads-base-15.0.1.aar/37f7a153dd4b0ff8c13c4f7dde424edc/jars/classes.jar
7fa3d002e000-7fa3d0031000 r--s 0001b000 08:04 917560                     /home/richmond/.gradle/caches/transforms-1/files-1.1/picasso-2.71828.aar/4e1de894b956e2e6fe61aa250f08a712/jars/classes.jar
7fa3d0031000-7fa3d0032000 r--s 00002000 08:04 9055518                    /home/richmond/.gradle/caches/transforms-1/files-1.1/runtime-1.1.0.aar/d6031f6e8476fd01e97d757a9cac879d/jars/classes.jar
7fa3d0032000-7fa3d0036000 r--s 00043000 08:04 5645345                    /home/richmond/.gradle/caches/transforms-1/files-1.1/support-core-ui-27.1.1.aar/6118afb814a22e65196bd320a62165f4/jars/classes.jar
7fa3d0036000-7fa3d00af000 r--s 010fd000 08:03 1570207                    /opt/android-studio/jre/lib/tools.jar
7fa3d00af000-7fa3d00f1000 rw-p 00000000 00:00 0 
7fa3d00f1000-7fa3d00f4000 ---p 00000000 00:00 0 
7fa3d00f4000-7fa3d01f2000 rw-p 00000000 00:00 0 
7fa3d01f2000-7fa3d01f5000 ---p 00000000 00:00 0 
7fa3d01f5000-7fa3d02f3000 rw-p 00000000 00:00 0 
7fa3d02f3000-7fa3d02f4000 ---p 00000000 00:00 0 
7fa3d02f4000-7fa3d1000000 rw-p 00000000 00:00 0 
7fa3d1000000-7fa3d34d0000 rwxp 00000000 00:00 0 
7fa3d34d0000-7fa3e0000000 ---p 00000000 00:00 0 
7fa3e0000000-7fa3e040e000 rw-p 00000000 00:00 0 
7fa3e040e000-7fa3e4000000 ---p 00000000 00:00 0 
7fa3e4000000-7fa3e4002000 r--s 00005000 08:04 6558504                    /home/richmond/.gradle/caches/modules-2/files-2.1/com.android.support/support-annotations/27.1.1/39ded76b5e1ce1c5b2688e1d25cdc20ecee32007/support-annotations-27.1.1.jar
7fa3e4002000-7fa3e4003000 r--s 00001000 08:04 9055528                    /home/richmond/.gradle/caches/transforms-1/files-1.1/viewmodel-1.1.0.aar/94456ed32e6bec884bfc76b2d70bb3df/jars/classes.jar
7fa3e4003000-7fa3e4007000 r--s 00029000 08:04 5645337                    /home/richmond/.gradle/caches/transforms-1/files-1.1/support-fragment-27.1.1.aar/bcf5f45615ec541ace3de6ba39783036/jars/classes.jar
7fa3e4007000-7fa3e4008000 r--s 00002000 08:04 9175258                    /home/richmond/.gradle/caches/modules-2/files-2.1/android.arch.core/common/1.1.0/8007981f7d7540d89cd18471b8e5dcd2b4f99167/common-1.1.0.jar
7fa3e4008000-7fa3e400b000 r--s 00017000 08:04 5645371                    /home/richmond/.gradle/caches/transforms-1/files-1.1/support-core-utils-27.1.1.aar/890a90c441c99d212a12d690f3c640ae/jars/classes.jar
7fa3e400b000-7fa3e400c000 r--s 00000000 08:04 8397729                    /home/richmond/.gradle/caches/modules-2/files-2.1/org.jetbrains.kotlin/kotlin-stdlib-jre7/1.2.41/9e7a6f582de73d9cdc6c56ef4e23604a0ee55768/kotlin-stdlib-jre7-1.2.41.jar
7fa3e400c000-7fa3e400f000 r--s 0000f000 08:04 9179869                    /home/richmond/.gradle/caches/transforms-1/files-1.1/Nier-Visualizer-v0.0.2.aar/bebc06e693c2c485a909f3b1f9da9a9b/jars/classes.jar
7fa3e400f000-7fa3e4011000 r--s 00004000 08:04 9048675                    /home/richmond/.gradle/caches/modules-2/files-2.1/android.arch.lifecycle/common/1.1.0/edf3f7bfb84a7521d0599efa3b0113a0ee90f85/common-1.1.0.jar
7fa3e4011000-7fa3e4023000 r--s 00345000 08:03 1570328                    /opt/android-studio/jre/jre/lib/resources.jar
7fa3e4023000-7fa3e4029000 r--s 00041000 08:04 1051622                    /home/richmond/.gradle/caches/modules-2/files-2.1/org.jetbrains.kotlin/kotlin-android-extensions/1.1.51/5c33f0c440fdd8416f77824bda078426c3f3dc94/kotlin-android-extensions-1.1.51.jar
7fa3e4029000-7fa3e43fe000 rw-p 00000000 00:00 0 
7fa3e43fe000-7fa3e45ce000 r--s 03c46000 08:03 1570341                    /opt/android-studio/jre/jre/lib/rt.jar
7fa3e45ce000-7fa3e5144000 rw-p 00000000 00:00 0 
7fa3e5144000-7fa3e5145000 ---p 00000000 00:00 0 
7fa3e5145000-7fa3e5245000 rw-p 00000000 00:00 0 
7fa3e5245000-7fa3e5246000 ---p 00000000 00:00 0 
7fa3e5246000-7fa3e5346000 rw-p 00000000 00:00 0 
7fa3e5346000-7fa3e5347000 ---p 00000000 00:00 0 
7fa3e5347000-7fa3e5447000 rw-p 00000000 00:00 0 
7fa3e5447000-7fa3e5448000 ---p 00000000 00:00 0 
7fa3e5448000-7fa3e55b2000 rw-p 00000000 00:00 0 
7fa3e55b2000-7fa3e5748000 ---p 00000000 00:00 0 
7fa3e5748000-7fa3e57b2000 rw-p 00000000 00:00 0 
7fa3e57b2000-7fa3e5948000 ---p 00000000 00:00 0 
7fa3e5948000-7fa3e59c0000 rw-p 00000000 00:00 0 
7fa3e59c0000-7fa3e5a48000 ---p 00000000 00:00 0 
7fa3e5a48000-7fa3e5add000 rw-p 00000000 00:00 0 
7fa3e5add000-7fa3e5e09000 ---p 00000000 00:00 0 
7fa3e5e09000-7fa3e5e23000 r-xp 00000000 08:03 1570300                    /opt/android-studio/jre/jre/lib/amd64/libzip.so
7fa3e5e23000-7fa3e6023000 ---p 0001a000 08:03 1570300                    /opt/android-studio/jre/jre/lib/amd64/libzip.so
7fa3e6023000-7fa3e6024000 r--p 0001a000 08:03 1570300                    /opt/android-studio/jre/jre/lib/amd64/libzip.so
7fa3e6024000-7fa3e6025000 rw-p 0001b000 08:03 1570300                    /opt/android-studio/jre/jre/lib/amd64/libzip.so
7fa3e6025000-7fa3e6030000 r-xp 00000000 08:03 1454922                    /lib/x86_64-linux-gnu/libnss_files-2.23.so
7fa3e6030000-7fa3e622f000 ---p 0000b000 08:03 1454922                    /lib/x86_64-linux-gnu/libnss_files-2.23.so
7fa3e622f000-7fa3e6230000 r--p 0000a000 08:03 1454922                    /lib/x86_64-linux-gnu/libnss_files-2.23.so
7fa3e6230000-7fa3e6231000 rw-p 0000b000 08:03 1454922                    /lib/x86_64-linux-gnu/libnss_files-2.23.so
7fa3e6231000-7fa3e6237000 rw-p 00000000 00:00 0 
7fa3e6237000-7fa3e6242000 r-xp 00000000 08:03 1454926                    /lib/x86_64-linux-gnu/libnss_nis-2.23.so
7fa3e6242000-7fa3e6441000 ---p 0000b000 08:03 1454926                    /lib/x86_64-linux-gnu/libnss_nis-2.23.so
7fa3e6441000-7fa3e6442000 r--p 0000a000 08:03 1454926                    /lib/x86_64-linux-gnu/libnss_nis-2.23.so
7fa3e6442000-7fa3e6443000 rw-p 0000b000 08:03 1454926                    /lib/x86_64-linux-gnu/libnss_nis-2.23.so
7fa3e6443000-7fa3e6459000 r-xp 00000000 08:03 1439064                    /lib/x86_64-linux-gnu/libnsl-2.23.so
7fa3e6459000-7fa3e6658000 ---p 00016000 08:03 1439064                    /lib/x86_64-linux-gnu/libnsl-2.23.so
7fa3e6658000-7fa3e6659000 r--p 00015000 08:03 1439064                    /lib/x86_64-linux-gnu/libnsl-2.23.so
7fa3e6659000-7fa3e665a000 rw-p 00016000 08:03 1439064                    /lib/x86_64-linux-gnu/libnsl-2.23.so
7fa3e665a000-7fa3e665c000 rw-p 00000000 00:00 0 
7fa3e665c000-7fa3e6664000 r-xp 00000000 08:03 1454917                    /lib/x86_64-linux-gnu/libnss_compat-2.23.so
7fa3e6664000-7fa3e6863000 ---p 00008000 08:03 1454917                    /lib/x86_64-linux-gnu/libnss_compat-2.23.so
7fa3e6863000-7fa3e6864000 r--p 00007000 08:03 1454917                    /lib/x86_64-linux-gnu/libnss_compat-2.23.so
7fa3e6864000-7fa3e6865000 rw-p 00008000 08:03 1454917                    /lib/x86_64-linux-gnu/libnss_compat-2.23.so
7fa3e6865000-7fa3e6892000 r-xp 00000000 08:03 1570308                    /opt/android-studio/jre/jre/lib/amd64/libjava.so
7fa3e6892000-7fa3e6a91000 ---p 0002d000 08:03 1570308                    /opt/android-studio/jre/jre/lib/amd64/libjava.so
7fa3e6a91000-7fa3e6a92000 r--p 0002c000 08:03 1570308                    /opt/android-studio/jre/jre/lib/amd64/libjava.so
7fa3e6a92000-7fa3e6a94000 rw-p 0002d000 08:03 1570308                    /opt/android-studio/jre/jre/lib/amd64/libjava.so
7fa3e6a94000-7fa3e6aa4000 r-xp 00000000 08:03 1570296                    /opt/android-studio/jre/jre/lib/amd64/libverify.so
7fa3e6aa4000-7fa3e6ca3000 ---p 00010000 08:03 1570296                    /opt/android-studio/jre/jre/lib/amd64/libverify.so
7fa3e6ca3000-7fa3e6ca5000 r--p 0000f000 08:03 1570296                    /opt/android-studio/jre/jre/lib/amd64/libverify.so
7fa3e6ca5000-7fa3e6ca6000 rw-p 00011000 08:03 1570296                    /opt/android-studio/jre/jre/lib/amd64/libverify.so
7fa3e6ca6000-7fa3e6cad000 r-xp 00000000 08:03 1454927                    /lib/x86_64-linux-gnu/librt-2.23.so
7fa3e6cad000-7fa3e6eac000 ---p 00007000 08:03 1454927                    /lib/x86_64-linux-gnu/librt-2.23.so
7fa3e6eac000-7fa3e6ead000 r--p 00006000 08:03 1454927                    /lib/x86_64-linux-gnu/librt-2.23.so
7fa3e6ead000-7fa3e6eae000 rw-p 00007000 08:03 1454927                    /lib/x86_64-linux-gnu/librt-2.23.so
7fa3e6eae000-7fa3e6fb6000 r-xp 00000000 08:03 1439063                    /lib/x86_64-linux-gnu/libm-2.23.so
7fa3e6fb6000-7fa3e71b5000 ---p 00108000 08:03 1439063                    /lib/x86_64-linux-gnu/libm-2.23.so
7fa3e71b5000-7fa3e71b6000 r--p 00107000 08:03 1439063                    /lib/x86_64-linux-gnu/libm-2.23.so
7fa3e71b6000-7fa3e71b7000 rw-p 00108000 08:03 1439063                    /lib/x86_64-linux-gnu/libm-2.23.so
7fa3e71b7000-7fa3e7db3000 r-xp 00000000 08:03 1570318                    /opt/android-studio/jre/jre/lib/amd64/server/libjvm.so
7fa3e7db3000-7fa3e7fb3000 ---p 00bfc000 08:03 1570318                    /opt/android-studio/jre/jre/lib/amd64/server/libjvm.so
7fa3e7fb3000-7fa3e8053000 r--p 00bfc000 08:03 1570318                    /opt/android-studio/jre/jre/lib/amd64/server/libjvm.so
7fa3e8053000-7fa3e807c000 rw-p 00c9c000 08:03 1570318                    /opt/android-studio/jre/jre/lib/amd64/server/libjvm.so
7fa3e807c000-7fa3e80c0000 rw-p 00000000 00:00 0 
7fa3e80c0000-7fa3e80d8000 r-xp 00000000 08:03 1454908                    /lib/x86_64-linux-gnu/libpthread-2.23.so
7fa3e80d8000-7fa3e82d7000 ---p 00018000 08:03 1454908                    /lib/x86_64-linux-gnu/libpthread-2.23.so
7fa3e82d7000-7fa3e82d8000 r--p 00017000 08:03 1454908                    /lib/x86_64-linux-gnu/libpthread-2.23.so
7fa3e82d8000-7fa3e82d9000 rw-p 00018000 08:03 1454908                    /lib/x86_64-linux-gnu/libpthread-2.23.so
7fa3e82d9000-7fa3e82dd000 rw-p 00000000 00:00 0 
7fa3e82dd000-7fa3e82e0000 r-xp 00000000 08:03 1454911                    /lib/x86_64-linux-gnu/libdl-2.23.so
7fa3e82e0000-7fa3e84df000 ---p 00003000 08:03 1454911                    /lib/x86_64-linux-gnu/libdl-2.23.so
7fa3e84df000-7fa3e84e0000 r--p 00002000 08:03 1454911                    /lib/x86_64-linux-gnu/libdl-2.23.so
7fa3e84e0000-7fa3e84e1000 rw-p 00003000 08:03 1454911                    /lib/x86_64-linux-gnu/libdl-2.23.so
7fa3e84e1000-7fa3e86a1000 r-xp 00000000 08:03 1454909                    /lib/x86_64-linux-gnu/libc-2.23.so
7fa3e86a1000-7fa3e88a1000 ---p 001c0000 08:03 1454909                    /lib/x86_64-linux-gnu/libc-2.23.so
7fa3e88a1000-7fa3e88a5000 r--p 001c0000 08:03 1454909                    /lib/x86_64-linux-gnu/libc-2.23.so
7fa3e88a5000-7fa3e88a7000 rw-p 001c4000 08:03 1454909                    /lib/x86_64-linux-gnu/libc-2.23.so
7fa3e88a7000-7fa3e88ab000 rw-p 00000000 00:00 0 
7fa3e88ab000-7fa3e88c1000 r-xp 00000000 08:03 1570288                    /opt/android-studio/jre/jre/lib/amd64/jli/libjli.so
7fa3e88c1000-7fa3e8ac0000 ---p 00016000 08:03 1570288                    /opt/android-studio/jre/jre/lib/amd64/jli/libjli.so
7fa3e8ac0000-7fa3e8ac1000 r--p 00015000 08:03 1570288                    /opt/android-studio/jre/jre/lib/amd64/jli/libjli.so
7fa3e8ac1000-7fa3e8ac2000 rw-p 00016000 08:03 1570288                    /opt/android-studio/jre/jre/lib/amd64/jli/libjli.so
7fa3e8ac2000-7fa3e8ae8000 r-xp 00000000 08:03 1454898                    /lib/x86_64-linux-gnu/ld-2.23.so
7fa3e8ae8000-7fa3e8b03000 r--s 00394000 08:03 1570283                    /opt/android-studio/jre/jre/lib/ext/cldrdata.jar
7fa3e8b03000-7fa3e8bc5000 rw-p 00000000 00:00 0 
7fa3e8bc5000-7fa3e8bc8000 ---p 00000000 00:00 0 
7fa3e8bc8000-7fa3e8cca000 rw-p 00000000 00:00 0 
7fa3e8cca000-7fa3e8ccc000 r--s 00003000 08:04 2359314                    /home/richmond/.gradle/caches/modules-2/files-2.1/org.jetbrains/annotations/13.0/919f0dfe192fb4e063e7dacadee7f8bb9a2672a9/annotations-13.0.jar
7fa3e8ccc000-7fa3e8ccd000 r--s 00014000 08:04 918705                     /home/richmond/.gradle/caches/modules-2/files-2.1/com.squareup.okio/okio/1.14.0/102d7be47241d781ef95f1581d414b0943053130/okio-1.14.0.jar
7fa3e8ccd000-7fa3e8cd2000 r--s 0009a000 08:03 1570356                    /opt/android-studio/jre/jre/lib/jsse.jar
7fa3e8cd2000-7fa3e8cdc000 r--s 00116000 08:03 1570281                    /opt/android-studio/jre/jre/lib/ext/localedata.jar
7fa3e8cdc000-7fa3e8ce4000 rw-s 00000000 08:03 1452627                    /tmp/hsperfdata_richmond/14783
7fa3e8ce4000-7fa3e8ce5000 rw-p 00000000 00:00 0 
7fa3e8ce5000-7fa3e8ce6000 ---p 00000000 00:00 0 
7fa3e8ce6000-7fa3e8ce7000 rw-p 00000000 00:00 0 
7fa3e8ce7000-7fa3e8ce8000 r--p 00025000 08:03 1454898                    /lib/x86_64-linux-gnu/ld-2.23.so
7fa3e8ce8000-7fa3e8ce9000 rw-p 00026000 08:03 1454898                    /lib/x86_64-linux-gnu/ld-2.23.so
7fa3e8ce9000-7fa3e8cea000 rw-p 00000000 00:00 0 
7ffefb746000-7ffefb767000 rw-p 00000000 00:00 0                          [stack]
7ffefb7d0000-7ffefb7d3000 r--p 00000000 00:00 0                          [vvar]
7ffefb7d3000-7ffefb7d5000 r-xp 00000000 00:00 0                          [vdso]
ffffffffff600000-ffffffffff601000 r-xp 00000000 00:00 0                  [vsyscall]

VM Arguments:
jvm_args: -Djava.awt.headless=true -Djava.rmi.server.hostname=localhost -Xmx1536m -Dkotlin.environment.keepalive 
java_command: org.jetbrains.kotlin.daemon.KotlinCompileDaemon --daemon-runFilesPath /home/richmond/.local/share/kotlin/daemon --daemon-autoshutdownIdleSeconds=7200 --daemon-compilerClasspath /home/richmond/.gradle/caches/modules-2/files-2.1/org.jetbrains.kotlin/kotlin-compiler-embeddable/1.1.51/e87f62328a705dc5c5b857f1aa50d1732c8bc3d6/kotlin-compiler-embeddable-1.1.51.jar:/opt/android-studio/jre/lib/tools.jar
java_class_path (initial): /home/richmond/.gradle/caches/modules-2/files-2.1/org.jetbrains.kotlin/kotlin-compiler-embeddable/1.1.51/e87f62328a705dc5c5b857f1aa50d1732c8bc3d6/kotlin-compiler-embeddable-1.1.51.jar:/opt/android-studio/jre/lib/tools.jar
Launcher Type: SUN_STANDARD

Environment Variables:
JAVA_HOME=/usr/lib/jvm/java-8-oracle
PATH=/home/richmond/bin:/home/richmond/.local/bin:/usr/local/sbin:/usr/local/bin:/usr/sbin:/usr/bin:/sbin:/bin:/usr/games:/usr/local/games:/snap/bin:/usr/lib/jvm/java-8-oracle/bin:/usr/lib/jvm/java-8-oracle/db/bin:/usr/lib/jvm/java-8-oracle/jre/bin
SHELL=/bin/bash
DISPLAY=:0

Signal Handlers:
SIGSEGV: [libjvm.so+0x9edb30], sa_mask[0]=11111111011111111101111111111110, sa_flags=SA_RESTART|SA_SIGINFO
SIGBUS: [libjvm.so+0x9edb30], sa_mask[0]=11111111011111111101111111111110, sa_flags=SA_RESTART|SA_SIGINFO
SIGFPE: [libjvm.so+0x84e800], sa_mask[0]=11111111011111111101111111111110, sa_flags=SA_RESTART|SA_SIGINFO
SIGPIPE: [libjvm.so+0x84e800], sa_mask[0]=11111111011111111101111111111110, sa_flags=SA_RESTART|SA_SIGINFO
SIGXFSZ: [libjvm.so+0x84e800], sa_mask[0]=11111111011111111101111111111110, sa_flags=SA_RESTART|SA_SIGINFO
SIGILL: [libjvm.so+0x84e800], sa_mask[0]=11111111011111111101111111111110, sa_flags=SA_RESTART|SA_SIGINFO
SIGUSR1: SIG_DFL, sa_mask[0]=00000000000000000000000000000000, sa_flags=none
SIGUSR2: [libjvm.so+0x84e6d0], sa_mask[0]=00100000000000000000000000000000, sa_flags=SA_RESTART|SA_SIGINFO
SIGHUP: [libjvm.so+0x84e8c0], sa_mask[0]=11111111011111111101111111111110, sa_flags=SA_RESTART|SA_SIGINFO
SIGINT: [libjvm.so+0x84e8c0], sa_mask[0]=11111111011111111101111111111110, sa_flags=SA_RESTART|SA_SIGINFO
SIGTERM: [libjvm.so+0x84e8c0], sa_mask[0]=11111111011111111101111111111110, sa_flags=SA_RESTART|SA_SIGINFO
SIGQUIT: [libjvm.so+0x84e8c0], sa_mask[0]=11111111011111111101111111111110, sa_flags=SA_RESTART|SA_SIGINFO


---------------  S Y S T E M  ---------------

OS:DISTRIB_ID=Ubuntu
DISTRIB_RELEASE=16.04
DISTRIB_CODENAME=xenial
DISTRIB_DESCRIPTION="Ubuntu 16.04.4 LTS"

uname:Linux 4.13.0-43-generic #48~16.04.1-Ubuntu SMP Thu May 17 12:56:46 UTC 2018 x86_64
libc:glibc 2.23 NPTL 2.23 
rlimit: STACK 8192k, CORE 0k, NPROC 31291, NOFILE 1048576, AS infinity
load average:5.99 3.64 3.47

/proc/meminfo:
MemTotal:        8063108 kB
MemFree:          122780 kB
MemAvailable:      19012 kB
Buffers:             656 kB
Cached:           994432 kB
SwapCached:            0 kB
Active:          6667236 kB
Inactive:         986916 kB
Active(anon):    6660976 kB
Inactive(anon):   978712 kB
Active(file):       6260 kB
Inactive(file):     8204 kB
Unevictable:         136 kB
Mlocked:             136 kB
SwapTotal:             0 kB
SwapFree:              0 kB
Dirty:               112 kB
Writeback:             0 kB
AnonPages:       6659324 kB
Mapped:           375364 kB
Shmem:            980500 kB
Slab:             121976 kB
SReclaimable:      51676 kB
SUnreclaim:        70300 kB
KernelStack:       14208 kB
PageTables:        70784 kB
NFS_Unstable:          0 kB
Bounce:                0 kB
WritebackTmp:          0 kB
CommitLimit:     4031552 kB
Committed_AS:   15087444 kB
VmallocTotal:   34359738367 kB
VmallocUsed:           0 kB
VmallocChunk:          0 kB
HardwareCorrupted:     0 kB
AnonHugePages:     67584 kB
ShmemHugePages:        0 kB
ShmemPmdMapped:        0 kB
CmaTotal:              0 kB
CmaFree:               0 kB
HugePages_Total:       0
HugePages_Free:        0
HugePages_Rsvd:        0
HugePages_Surp:        0
Hugepagesize:       2048 kB
DirectMap4k:      181760 kB
DirectMap2M:     7053312 kB
DirectMap1G:     1048576 kB


CPU:total 4 (initial active 4) (2 cores per cpu, 2 threads per core) family 6 model 69 stepping 1, cmov, cx8, fxsr, mmx, sse, sse2, sse3, ssse3, sse4.1, sse4.2, popcnt, avx, avx2, aes, clmul, erms, lzcnt, ht, tsc, tscinvbit, bmi1, bmi2

/proc/cpuinfo:
processor	: 0
vendor_id	: GenuineIntel
cpu family	: 6
model		: 69
model name	: Intel(R) Core(TM) i7-4600U CPU @ 2.10GHz
stepping	: 1
microcode	: 0x23
cpu MHz		: 1494.739
cache size	: 4096 KB
physical id	: 0
siblings	: 4
core id		: 0
cpu cores	: 2
apicid		: 0
initial apicid	: 0
fpu		: yes
fpu_exception	: yes
cpuid level	: 13
wp		: yes
flags		: fpu vme de pse tsc msr pae mce cx8 apic sep mtrr pge mca cmov pat pse36 clflush dts acpi mmx fxsr sse sse2 ss ht tm pbe syscall nx pdpe1gb rdtscp lm constant_tsc arch_perfmon pebs bts rep_good nopl xtopology nonstop_tsc cpuid aperfmperf pni pclmulqdq dtes64 monitor ds_cpl vmx smx est tm2 ssse3 sdbg fma cx16 xtpr pdcm pcid sse4_1 sse4_2 x2apic movbe popcnt tsc_deadline_timer aes xsave avx f16c rdrand lahf_lm abm cpuid_fault epb invpcid_single pti retpoline spec_ctrl tpr_shadow vnmi flexpriority ept vpid fsgsbase tsc_adjust bmi1 avx2 smep bmi2 erms invpcid xsaveopt dtherm ida arat pln pts
bugs		: cpu_meltdown spectre_v1 spectre_v2 spec_store_bypass
bogomips	: 5387.93
clflush size	: 64
cache_alignment	: 64
address sizes	: 39 bits physical, 48 bits virtual
power management:

processor	: 1
vendor_id	: GenuineIntel
cpu family	: 6
model		: 69
model name	: Intel(R) Core(TM) i7-4600U CPU @ 2.10GHz
stepping	: 1
microcode	: 0x23
cpu MHz		: 1502.510
cache size	: 4096 KB
physical id	: 0
siblings	: 4
core id		: 0
cpu cores	: 2
apicid		: 1
initial apicid	: 1
fpu		: yes
fpu_exception	: yes
cpuid level	: 13
wp		: yes
flags		: fpu vme de pse tsc msr pae mce cx8 apic sep mtrr pge mca cmov pat pse36 clflush dts acpi mmx fxsr sse sse2 ss ht tm pbe syscall nx pdpe1gb rdtscp lm constant_tsc arch_perfmon pebs bts rep_good nopl xtopology nonstop_tsc cpuid aperfmperf pni pclmulqdq dtes64 monitor ds_cpl vmx smx est tm2 ssse3 sdbg fma cx16 xtpr pdcm pcid sse4_1 sse4_2 x2apic movbe popcnt tsc_deadline_timer aes xsave avx f16c rdrand lahf_lm abm cpuid_fault epb invpcid_single pti retpoline spec_ctrl tpr_shadow vnmi flexpriority ept vpid fsgsbase tsc_adjust bmi1 avx2 smep bmi2 erms invpcid xsaveopt dtherm ida arat pln pts
bugs		: cpu_meltdown spectre_v1 spectre_v2 spec_store_bypass
bogomips	: 5387.93
clflush size	: 64
cache_alignment	: 64
address sizes	: 39 bits physical, 48 bits virtual
power management:

processor	: 2
vendor_id	: GenuineIntel
cpu family	: 6
model		: 69
model name	: Intel(R) Core(TM) i7-4600U CPU @ 2.10GHz
stepping	: 1
microcode	: 0x23
cpu MHz		: 1425.590
cache size	: 4096 KB
physical id	: 0
siblings	: 4
core id		: 1
cpu cores	: 2
apicid		: 2
initial apicid	: 2
fpu		: yes
fpu_exception	: yes
cpuid level	: 13
wp		: yes
flags		: fpu vme de pse tsc msr pae mce cx8 apic sep mtrr pge mca cmov pat pse36 clflush dts acpi mmx fxsr sse sse2 ss ht tm pbe syscall nx pdpe1gb rdtscp lm constant_tsc arch_perfmon pebs bts rep_good nopl xtopology nonstop_tsc cpuid aperfmperf pni pclmulqdq dtes64 monitor ds_cpl vmx smx est tm2 ssse3 sdbg fma cx16 xtpr pdcm pcid sse4_1 sse4_2 x2apic movbe popcnt tsc_deadline_timer aes xsave avx f16c rdrand lahf_lm abm cpuid_fault epb invpcid_single pti retpoline spec_ctrl tpr_shadow vnmi flexpriority ept vpid fsgsbase tsc_adjust bmi1 avx2 smep bmi2 erms invpcid xsaveopt dtherm ida arat pln pts
bugs		: cpu_meltdown spectre_v1 spectre_v2 spec_store_bypass
bogomips	: 5387.93
clflush size	: 64
cache_alignment	: 64
address sizes	: 39 bits physical, 48 bits virtual
power management:

processor	: 3
vendor_id	: GenuineIntel
cpu family	: 6
model		: 69
model name	: Intel(R) Core(TM) i7-4600U CPU @ 2.10GHz
stepping	: 1
microcode	: 0x23
cpu MHz		: 1406.471
cache size	: 4096 KB
physical id	: 0
siblings	: 4
core id		: 1
cpu cores	: 2
apicid		: 3
initial apicid	: 3
fpu		: yes
fpu_exception	: yes
cpuid level	: 13
wp		: yes
flags		: fpu vme de pse tsc msr pae mce cx8 apic sep mtrr pge mca cmov pat pse36 clflush dts acpi mmx fxsr sse sse2 ss ht tm pbe syscall nx pdpe1gb rdtscp lm constant_tsc arch_perfmon pebs bts rep_good nopl xtopology nonstop_tsc cpuid aperfmperf pni pclmulqdq dtes64 monitor ds_cpl vmx smx est tm2 ssse3 sdbg fma cx16 xtpr pdcm pcid sse4_1 sse4_2 x2apic movbe popcnt tsc_deadline_timer aes xsave avx f16c rdrand lahf_lm abm cpuid_fault epb invpcid_single pti retpoline spec_ctrl tpr_shadow vnmi flexpriority ept vpid fsgsbase tsc_adjust bmi1 avx2 smep bmi2 erms invpcid xsaveopt dtherm ida arat pln pts
bugs		: cpu_meltdown spectre_v1 spectre_v2 spec_store_bypass
bogomips	: 5387.93
clflush size	: 64
cache_alignment	: 64
address sizes	: 39 bits physical, 48 bits virtual
power management:



Memory: 4k page, physical 8063108k(121912k free), swap 0k(0k free)

vm_info: OpenJDK 64-Bit Server VM (25.152-b01) for linux-amd64 JRE (1.8.0_152-release-1024-b01), built by "builder" with gcc 4.8.4

time: Wed May 30 22:24:10 2018
elapsed time: 653 seconds (0d 0h 10m 53s)

